Device: cuda | tag=replacement30k | head=moe
NVIDIA GeForce RTX 5060 | 8.5 GB
Aligned N=29973 source_idx=0..29999 split=23978/2997/2998
ep000 train=0.5401 val=0.2898 best=0.2898@0 lr=2.00e-04 31.3s *
ep001 train=0.2893 val=0.2791 best=0.2791@1 lr=2.00e-04 30.8s *
ep002 train=0.2662 val=0.2849 best=0.2791@1 lr=2.00e-04 30.2s
ep003 train=0.2488 val=0.2518 best=0.2518@3 lr=2.00e-04 30.8s *
ep004 train=0.2362 val=0.2861 best=0.2518@3 lr=2.00e-04 30.3s
ep005 train=0.2313 val=0.2198 best=0.2198@5 lr=2.00e-04 30.1s *
ep006 train=0.2180 val=0.2083 best=0.2083@6 lr=2.00e-04 30.2s *
ep007 train=0.2164 val=0.2005 best=0.2005@7 lr=2.00e-04 30.2s *
ep008 train=0.2066 val=0.1909 best=0.1909@8 lr=2.00e-04 30.4s *
ep009 train=0.2058 val=0.2024 best=0.1909@8 lr=2.00e-04 30.2s
ep010 train=0.2010 val=0.1885 best=0.1885@10 lr=2.00e-04 30.4s *
ep011 train=0.1943 val=0.1860 best=0.1860@11 lr=2.00e-04 30.2s *
ep012 train=0.1900 val=0.1940 best=0.1860@11 lr=2.00e-04 30.2s
ep013 train=0.1871 val=0.1958 best=0.1860@11 lr=2.00e-04 30.5s
ep014 train=0.1845 val=0.1972 best=0.1860@11 lr=2.00e-04 30.6s
ep015 train=0.1807 val=0.1855 best=0.1855@15 lr=2.00e-04 30.1s *
ep016 train=0.1799 val=0.1930 best=0.1855@15 lr=2.00e-04 30.4s
ep017 train=0.1720 val=0.2038 best=0.1855@15 lr=2.00e-04 30.1s
ep018 train=0.1712 val=0.1795 best=0.1795@18 lr=2.00e-04 30.3s *
ep019 train=0.1683 val=0.1802 best=0.1795@18 lr=2.00e-04 32.4s
ep020 train=0.1652 val=0.1703 best=0.1703@20 lr=2.00e-04 32.8s *
ep021 train=0.1631 val=0.1749 best=0.1703@20 lr=2.00e-04 30.7s
ep022 train=0.1615 val=0.1652 best=0.1652@22 lr=2.00e-04 31.8s *
ep023 train=0.1601 val=0.1685 best=0.1652@22 lr=2.00e-04 30.9s
ep024 train=0.1549 val=0.1712 best=0.1652@22 lr=2.00e-04 30.4s
ep025 train=0.1533 val=0.1851 best=0.1652@22 lr=2.00e-04 30.5s
ep026 train=0.1517 val=0.1694 best=0.1652@22 lr=2.00e-04 31.0s
ep027 train=0.1525 val=0.1712 best=0.1652@22 lr=2.00e-04 30.1s
ep028 train=0.1493 val=0.1661 best=0.1652@22 lr=1.00e-04 30.5s
ep029 train=0.1334 val=0.1531 best=0.1531@29 lr=1.00e-04 30.2s *
ep030 train=0.1304 val=0.1510 best=0.1510@30 lr=1.00e-04 30.4s *
ep031 train=0.1276 val=0.1553 best=0.1510@30 lr=1.00e-04 30.1s
ep032 train=0.1263 val=0.1522 best=0.1510@30 lr=1.00e-04 30.1s
ep033 train=0.1235 val=0.1569 best=0.1510@30 lr=1.00e-04 30.2s
ep034 train=0.1230 val=0.1498 best=0.1498@34 lr=1.00e-04 30.1s *
ep035 train=0.1210 val=0.1553 best=0.1498@34 lr=1.00e-04 30.0s
ep036 train=0.1210 val=0.1582 best=0.1498@34 lr=1.00e-04 30.4s
ep037 train=0.1194 val=0.1568 best=0.1498@34 lr=1.00e-04 30.2s
ep038 train=0.1173 val=0.1495 best=0.1495@38 lr=1.00e-04 31.1s *
ep039 train=0.1157 val=0.1577 best=0.1495@38 lr=1.00e-04 30.1s
ep040 train=0.1151 val=0.1474 best=0.1474@40 lr=1.00e-04 30.6s *
ep041 train=0.1140 val=0.1587 best=0.1474@40 lr=1.00e-04 30.2s
ep042 train=0.1120 val=0.1513 best=0.1474@40 lr=1.00e-04 30.0s
ep043 train=0.1120 val=0.1479 best=0.1474@40 lr=1.00e-04 30.0s
ep044 train=0.1105 val=0.1495 best=0.1474@40 lr=1.00e-04 30.0s
ep045 train=0.1103 val=0.1482 best=0.1474@40 lr=1.00e-04 30.1s
ep046 train=0.1087 val=0.1495 best=0.1474@40 lr=5.00e-05 30.2s
ep047 train=0.1004 val=0.1456 best=0.1456@47 lr=5.00e-05 30.2s *
ep048 train=0.0987 val=0.1489 best=0.1456@47 lr=5.00e-05 29.9s
ep049 train=0.0978 val=0.1455 best=0.1455@49 lr=5.00e-05 30.2s *
ep050 train=0.0965 val=0.1444 best=0.1444@50 lr=5.00e-05 31.0s *
ep051 train=0.0960 val=0.1452 best=0.1444@50 lr=5.00e-05 30.1s
ep052 train=0.0944 val=0.1507 best=0.1444@50 lr=5.00e-05 30.0s
ep053 train=0.0950 val=0.1436 best=0.1436@53 lr=5.00e-05 30.2s *
ep054 train=0.0938 val=0.1473 best=0.1436@53 lr=5.00e-05 30.3s
ep055 train=0.0926 val=0.1454 best=0.1436@53 lr=5.00e-05 30.3s
ep056 train=0.0920 val=0.1475 best=0.1436@53 lr=5.00e-05 30.1s
ep057 train=0.0923 val=0.1460 best=0.1436@53 lr=5.00e-05 30.3s
ep058 train=0.0914 val=0.1451 best=0.1436@53 lr=5.00e-05 31.3s
ep059 train=0.0915 val=0.1454 best=0.1436@53 lr=2.50e-05 30.3s
Model -> results\phase8\end2end_replacement30k_moe.pt
Metrics -> results\phase8\end2end_replacement30k_moe_metrics.json
Test avg MAE=0.1417 Gap MAE=0.1730
