Device: cuda | kind=gps
NVIDIA GeForce RTX 5060 | 8.5 GB
Loaded 500000 graphs from results\phase8\pyg_2d_graphs_bond_expansion_500k.pt
Model params: {'hidden_channels': 192, 'num_layers': 9, 'num_heads': 4, 'dropout': 0.05}
Training params: lr=0.0001 weight_decay=1.31e-05 batch_size=256
Split: train=400000 val=50000 test=50000
Compatible warm-start from models\phase8_gps_expansion_500k.pt: loaded=220/280 missing=60 skipped=0
ep000 train=0.0960 val=0.1125 best=0.1125@0 lr=9.98e-05 101.5s *
ep001 train=0.0946 val=0.1126 best=0.1125@0 lr=9.94e-05 100.0s
ep002 train=0.0943 val=0.1124 best=0.1124@2 lr=9.86e-05 98.8s *
ep003 train=0.0941 val=0.1123 best=0.1123@3 lr=9.76e-05 104.9s *
ep004 train=0.0937 val=0.1127 best=0.1123@3 lr=9.62e-05 96.4s
ep005 train=0.0934 val=0.1122 best=0.1122@5 lr=9.46e-05 94.6s *
ep006 train=0.0931 val=0.1123 best=0.1122@5 lr=9.27e-05 95.2s
ep007 train=0.0928 val=0.1122 best=0.1122@7 lr=9.05e-05 96.7s *
ep008 train=0.0924 val=0.1121 best=0.1121@8 lr=8.81e-05 98.2s *
ep009 train=0.0921 val=0.1119 best=0.1119@9 lr=8.55e-05 95.1s *
ep010 train=0.0918 val=0.1122 best=0.1119@9 lr=8.26e-05 100.8s
ep011 train=0.0915 val=0.1122 best=0.1119@9 lr=7.96e-05 98.1s
ep012 train=0.0911 val=0.1119 best=0.1119@9 lr=7.64e-05 94.0s
ep013 train=0.0909 val=0.1125 best=0.1119@9 lr=7.30e-05 100.0s
ep014 train=0.0904 val=0.1117 best=0.1117@14 lr=6.94e-05 100.3s *
ep015 train=0.0902 val=0.1121 best=0.1117@14 lr=6.58e-05 101.4s
ep016 train=0.0898 val=0.1121 best=0.1117@14 lr=6.21e-05 100.4s
ep017 train=0.0895 val=0.1123 best=0.1117@14 lr=5.82e-05 93.4s
ep018 train=0.0892 val=0.1117 best=0.1117@14 lr=5.44e-05 93.7s
ep019 train=0.0888 val=0.1117 best=0.1117@14 lr=5.05e-05 94.8s
ep020 train=0.0886 val=0.1118 best=0.1117@14 lr=4.66e-05 93.3s
ep021 train=0.0882 val=0.1113 best=0.1113@21 lr=4.28e-05 93.8s *
ep022 train=0.0880 val=0.1116 best=0.1113@21 lr=3.89e-05 92.5s
ep023 train=0.0877 val=0.1112 best=0.1112@23 lr=3.52e-05 93.1s *
ep024 train=0.0874 val=0.1111 best=0.1111@24 lr=3.16e-05 93.2s *
ep025 train=0.0871 val=0.1113 best=0.1111@24 lr=2.80e-05 92.9s
ep026 train=0.0868 val=0.1108 best=0.1108@26 lr=2.46e-05 94.1s *
ep027 train=0.0866 val=0.1111 best=0.1108@26 lr=2.14e-05 91.7s
ep028 train=0.0864 val=0.1109 best=0.1108@26 lr=1.84e-05 100.2s
ep029 train=0.0861 val=0.1110 best=0.1108@26 lr=1.55e-05 98.1s
ep030 train=0.0860 val=0.1109 best=0.1108@26 lr=1.29e-05 98.7s
ep031 train=0.0857 val=0.1110 best=0.1108@26 lr=1.05e-05 97.1s
ep032 train=0.0857 val=0.1107 best=0.1107@32 lr=8.29e-06 94.4s *
ep033 train=0.0854 val=0.1104 best=0.1104@33 lr=6.40e-06 92.5s *
ep034 train=0.0853 val=0.1107 best=0.1104@33 lr=4.77e-06 94.1s
ep035 train=0.0853 val=0.1105 best=0.1104@33 lr=3.42e-06 92.0s
ep036 train=0.0852 val=0.1106 best=0.1104@33 lr=2.37e-06 94.4s
ep037 train=0.0851 val=0.1105 best=0.1104@33 lr=1.61e-06 93.1s
ep038 train=0.0851 val=0.1107 best=0.1104@33 lr=1.15e-06 93.1s
ep039 train=0.0850 val=0.1107 best=0.1104@33 lr=1.00e-06 94.1s
Model -> models\phase8_gps_expansion_500k_depth9.pt
Metrics -> results\phase8\gps_arch_depth9_metrics.json
  embed batch 1/1954 (0s)
  embed batch 21/1954 (0s)
  embed batch 41/1954 (1s)
  embed batch 61/1954 (1s)
  embed batch 81/1954 (2s)
  embed batch 101/1954 (2s)
  embed batch 121/1954 (3s)
  embed batch 141/1954 (3s)
  embed batch 161/1954 (4s)
  embed batch 181/1954 (4s)
  embed batch 201/1954 (5s)
  embed batch 221/1954 (5s)
  embed batch 241/1954 (5s)
  embed batch 261/1954 (6s)
  embed batch 281/1954 (6s)
  embed batch 301/1954 (7s)
  embed batch 321/1954 (7s)
  embed batch 341/1954 (8s)
  embed batch 361/1954 (8s)
  embed batch 381/1954 (8s)
  embed batch 401/1954 (9s)
  embed batch 421/1954 (9s)
  embed batch 441/1954 (10s)
  embed batch 461/1954 (10s)
  embed batch 481/1954 (11s)
  embed batch 501/1954 (11s)
  embed batch 521/1954 (11s)
  embed batch 541/1954 (12s)
  embed batch 561/1954 (12s)
  embed batch 581/1954 (13s)
  embed batch 601/1954 (13s)
  embed batch 621/1954 (14s)
  embed batch 641/1954 (14s)
  embed batch 661/1954 (14s)
  embed batch 681/1954 (15s)
  embed batch 701/1954 (15s)
  embed batch 721/1954 (16s)
  embed batch 741/1954 (16s)
  embed batch 761/1954 (17s)
  embed batch 781/1954 (17s)
  embed batch 801/1954 (17s)
  embed batch 821/1954 (18s)
  embed batch 841/1954 (18s)
  embed batch 861/1954 (19s)
  embed batch 881/1954 (19s)
  embed batch 901/1954 (19s)
  embed batch 921/1954 (20s)
  embed batch 941/1954 (20s)
  embed batch 961/1954 (21s)
  embed batch 981/1954 (21s)
  embed batch 1001/1954 (22s)
  embed batch 1021/1954 (22s)
  embed batch 1041/1954 (23s)
  embed batch 1061/1954 (23s)
  embed batch 1081/1954 (24s)
  embed batch 1101/1954 (24s)
  embed batch 1121/1954 (25s)
  embed batch 1141/1954 (25s)
  embed batch 1161/1954 (25s)
  embed batch 1181/1954 (26s)
  embed batch 1201/1954 (26s)
  embed batch 1221/1954 (27s)
  embed batch 1241/1954 (27s)
  embed batch 1261/1954 (28s)
  embed batch 1281/1954 (28s)
  embed batch 1301/1954 (29s)
  embed batch 1321/1954 (29s)
  embed batch 1341/1954 (30s)
  embed batch 1361/1954 (30s)
  embed batch 1381/1954 (31s)
  embed batch 1401/1954 (31s)
  embed batch 1421/1954 (32s)
  embed batch 1441/1954 (32s)
  embed batch 1461/1954 (33s)
  embed batch 1481/1954 (34s)
  embed batch 1501/1954 (34s)
  embed batch 1521/1954 (35s)
  embed batch 1541/1954 (35s)
  embed batch 1561/1954 (36s)
  embed batch 1581/1954 (36s)
  embed batch 1601/1954 (37s)
  embed batch 1621/1954 (37s)
  embed batch 1641/1954 (38s)
  embed batch 1661/1954 (38s)
  embed batch 1681/1954 (39s)
  embed batch 1701/1954 (39s)
  embed batch 1721/1954 (40s)
  embed batch 1741/1954 (40s)
  embed batch 1761/1954 (41s)
  embed batch 1781/1954 (41s)
  embed batch 1801/1954 (42s)
  embed batch 1821/1954 (42s)
  embed batch 1841/1954 (43s)
  embed batch 1861/1954 (43s)
  embed batch 1881/1954 (44s)
  embed batch 1901/1954 (44s)
  embed batch 1921/1954 (45s)
  embed batch 1941/1954 (45s)
  embed batch 1954/1954 (45s)
Embeddings -> results\phase8\gps_arch_depth9_embeddings.pt (500000, 192)
