Device: cuda | kind=schnet
NVIDIA GeForce RTX 5060 | 8.5 GB
Loaded 497578 graphs from results\phase8\pyg_3d_graphs_etkdg_expansion_500k.pt
Metrics -> results\phase8\schnet_expansion_500k_metrics.json
  embed batch 1/3888 (0s)
  embed batch 21/3888 (1s)
  embed batch 41/3888 (1s)
  embed batch 61/3888 (2s)
  embed batch 81/3888 (3s)
  embed batch 101/3888 (3s)
  embed batch 121/3888 (4s)
  embed batch 141/3888 (5s)
  embed batch 161/3888 (5s)
  embed batch 181/3888 (6s)
  embed batch 201/3888 (7s)
  embed batch 221/3888 (8s)
  embed batch 241/3888 (9s)
  embed batch 261/3888 (10s)
  embed batch 281/3888 (11s)
  embed batch 301/3888 (13s)
  embed batch 321/3888 (14s)
  embed batch 341/3888 (15s)
  embed batch 361/3888 (16s)
  embed batch 381/3888 (16s)
  embed batch 401/3888 (17s)
  embed batch 421/3888 (18s)
  embed batch 441/3888 (19s)
  embed batch 461/3888 (19s)
  embed batch 481/3888 (20s)
  embed batch 501/3888 (21s)
  embed batch 521/3888 (21s)
  embed batch 541/3888 (22s)
  embed batch 561/3888 (23s)
  embed batch 581/3888 (24s)
  embed batch 601/3888 (24s)
  embed batch 621/3888 (25s)
  embed batch 641/3888 (25s)
  embed batch 661/3888 (26s)
  embed batch 681/3888 (27s)
  embed batch 701/3888 (28s)
  embed batch 721/3888 (28s)
  embed batch 741/3888 (29s)
  embed batch 761/3888 (30s)
  embed batch 781/3888 (31s)
  embed batch 801/3888 (31s)
  embed batch 821/3888 (32s)
  embed batch 841/3888 (33s)
  embed batch 861/3888 (33s)
  embed batch 881/3888 (34s)
  embed batch 901/3888 (35s)
  embed batch 921/3888 (35s)
  embed batch 941/3888 (36s)
  embed batch 961/3888 (37s)
  embed batch 981/3888 (37s)
  embed batch 1001/3888 (38s)
  embed batch 1021/3888 (39s)
  embed batch 1041/3888 (39s)
  embed batch 1061/3888 (40s)
  embed batch 1081/3888 (41s)
  embed batch 1101/3888 (41s)
  embed batch 1121/3888 (42s)
  embed batch 1141/3888 (43s)
  embed batch 1161/3888 (43s)
  embed batch 1181/3888 (44s)
  embed batch 1201/3888 (45s)
  embed batch 1221/3888 (46s)
  embed batch 1241/3888 (46s)
  embed batch 1261/3888 (47s)
  embed batch 1281/3888 (47s)
  embed batch 1301/3888 (48s)
  embed batch 1321/3888 (49s)
  embed batch 1341/3888 (49s)
  embed batch 1361/3888 (50s)
  embed batch 1381/3888 (51s)
  embed batch 1401/3888 (51s)
  embed batch 1421/3888 (52s)
  embed batch 1441/3888 (53s)
  embed batch 1461/3888 (54s)
  embed batch 1481/3888 (54s)
  embed batch 1501/3888 (55s)
  embed batch 1521/3888 (55s)
  embed batch 1541/3888 (56s)
  embed batch 1561/3888 (57s)
  embed batch 1581/3888 (57s)
  embed batch 1601/3888 (58s)
  embed batch 1621/3888 (59s)
  embed batch 1641/3888 (60s)
  embed batch 1661/3888 (60s)
  embed batch 1681/3888 (61s)
  embed batch 1701/3888 (62s)
  embed batch 1721/3888 (62s)
  embed batch 1741/3888 (63s)
  embed batch 1761/3888 (64s)
  embed batch 1781/3888 (64s)
  embed batch 1801/3888 (65s)
  embed batch 1821/3888 (66s)
  embed batch 1841/3888 (66s)
  embed batch 1861/3888 (67s)
  embed batch 1881/3888 (68s)
  embed batch 1901/3888 (68s)
  embed batch 1921/3888 (69s)
  embed batch 1941/3888 (70s)
  embed batch 1961/3888 (70s)
  embed batch 1981/3888 (71s)
  embed batch 2001/3888 (72s)
  embed batch 2021/3888 (73s)
  embed batch 2041/3888 (73s)
  embed batch 2061/3888 (74s)
  embed batch 2081/3888 (75s)
  embed batch 2101/3888 (76s)
  embed batch 2121/3888 (77s)
  embed batch 2141/3888 (78s)
  embed batch 2161/3888 (79s)
  embed batch 2181/3888 (80s)
  embed batch 2201/3888 (81s)
  embed batch 2221/3888 (82s)
  embed batch 2241/3888 (83s)
  embed batch 2261/3888 (85s)
  embed batch 2281/3888 (86s)
  embed batch 2301/3888 (87s)
  embed batch 2321/3888 (88s)
  embed batch 2341/3888 (89s)
  embed batch 2361/3888 (90s)
  embed batch 2381/3888 (91s)
  embed batch 2401/3888 (92s)
  embed batch 2421/3888 (92s)
  embed batch 2441/3888 (93s)
  embed batch 2461/3888 (94s)
  embed batch 2481/3888 (95s)
  embed batch 2501/3888 (96s)
  embed batch 2521/3888 (97s)
  embed batch 2541/3888 (98s)
  embed batch 2561/3888 (99s)
  embed batch 2581/3888 (100s)
  embed batch 2601/3888 (101s)
  embed batch 2621/3888 (102s)
  embed batch 2641/3888 (103s)
  embed batch 2661/3888 (104s)
  embed batch 2681/3888 (106s)
  embed batch 2701/3888 (107s)
  embed batch 2721/3888 (108s)
  embed batch 2741/3888 (109s)
  embed batch 2761/3888 (110s)
  embed batch 2781/3888 (111s)
  embed batch 2801/3888 (112s)
  embed batch 2821/3888 (113s)
  embed batch 2841/3888 (115s)
  embed batch 2861/3888 (116s)
  embed batch 2881/3888 (117s)
  embed batch 2901/3888 (118s)
  embed batch 2921/3888 (119s)
  embed batch 2941/3888 (120s)
  embed batch 2961/3888 (122s)
  embed batch 2981/3888 (123s)
  embed batch 3001/3888 (124s)
  embed batch 3021/3888 (125s)
  embed batch 3041/3888 (126s)
  embed batch 3061/3888 (127s)
  embed batch 3081/3888 (128s)
  embed batch 3101/3888 (129s)
  embed batch 3121/3888 (131s)
  embed batch 3141/3888 (132s)
  embed batch 3161/3888 (133s)
  embed batch 3181/3888 (134s)
  embed batch 3201/3888 (135s)
  embed batch 3221/3888 (136s)
  embed batch 3241/3888 (138s)
  embed batch 3261/3888 (138s)
  embed batch 3281/3888 (139s)
  embed batch 3301/3888 (139s)
  embed batch 3321/3888 (140s)
  embed batch 3341/3888 (141s)
  embed batch 3361/3888 (142s)
  embed batch 3381/3888 (143s)
  embed batch 3401/3888 (144s)
  embed batch 3421/3888 (145s)
  embed batch 3441/3888 (146s)
  embed batch 3461/3888 (147s)
  embed batch 3481/3888 (148s)
  embed batch 3501/3888 (150s)
  embed batch 3521/3888 (151s)
  embed batch 3541/3888 (152s)
  embed batch 3561/3888 (152s)
  embed batch 3581/3888 (153s)
  embed batch 3601/3888 (154s)
  embed batch 3621/3888 (155s)
  embed batch 3641/3888 (155s)
  embed batch 3661/3888 (156s)
  embed batch 3681/3888 (157s)
  embed batch 3701/3888 (157s)
  embed batch 3721/3888 (158s)
  embed batch 3741/3888 (158s)
  embed batch 3761/3888 (159s)
  embed batch 3781/3888 (160s)
  embed batch 3801/3888 (160s)
  embed batch 3821/3888 (161s)
  embed batch 3841/3888 (162s)
  embed batch 3861/3888 (163s)
  embed batch 3881/3888 (163s)
  embed batch 3888/3888 (164s)
Embeddings -> results\phase8\schnet_expansion_500k_embeddings.pt (497578, 192)
