Device: cuda
  built 100/1977 molecules, 800 conformers
  built 200/1977 molecules, 1600 conformers
  built 300/1977 molecules, 2400 conformers
  built 400/1977 molecules, 3200 conformers
  built 500/1977 molecules, 4000 conformers
  built 600/1977 molecules, 4798 conformers
  built 700/1977 molecules, 5592 conformers
  built 800/1977 molecules, 6392 conformers
  built 900/1977 molecules, 7192 conformers
  built 1000/1977 molecules, 7992 conformers
  built 1100/1977 molecules, 8792 conformers
  built 1200/1977 molecules, 9591 conformers
  built 1300/1977 molecules, 10391 conformers
  built 1400/1977 molecules, 11191 conformers
[21:23:52] UFFTYPER: Unrecognized atom type: S_5+4 (10)
[21:23:52] UFFTYPER: Unrecognized atom type: S_5+4 (10)
[21:23:52] UFFTYPER: Unrecognized atom type: S_5+4 (10)
[21:23:52] UFFTYPER: Unrecognized atom type: S_5+4 (10)
[21:23:53] UFFTYPER: Unrecognized atom type: S_5+4 (10)
[21:23:53] UFFTYPER: Unrecognized atom type: S_5+4 (10)
[21:23:53] UFFTYPER: Unrecognized atom type: S_5+4 (10)
[21:23:53] UFFTYPER: Unrecognized atom type: S_5+4 (10)
  built 1500/1977 molecules, 11990 conformers
  built 1600/1977 molecules, 12790 conformers
  built 1700/1977 molecules, 13590 conformers
[21:26:49] UFFTYPER: Unrecognized atom type: S_5+4 (8)
[21:26:49] UFFTYPER: Unrecognized atom type: S_5+4 (8)
[21:26:49] UFFTYPER: Unrecognized atom type: S_5+4 (8)
[21:26:49] UFFTYPER: Unrecognized atom type: S_5+4 (8)
[21:26:49] UFFTYPER: Unrecognized atom type: S_5+4 (8)
[21:26:49] UFFTYPER: Unrecognized atom type: S_5+4 (8)
[21:26:50] UFFTYPER: Unrecognized atom type: S_5+4 (8)
[21:26:50] UFFTYPER: Unrecognized atom type: S_5+4 (8)
  built 1800/1977 molecules, 14390 conformers
  built 1900/1977 molecules, 15183 conformers
Valid molecules: 1977/1977 | conformers: 15791
Stored avg/Gap=0.10560/0.12528 | Ensemble avg/Gap=0.10444/0.12352 | delta=-0.00116/-0.00176
Metrics -> results\phase8\v3_conformer_ensemble_k8_metrics.json
Decision -> results\phase8\v3_conformer_ensemble_k8_decision.md
