[02:18:00] Can't kekulize mol.  Unkekulized atoms: 7 8 9 10 14 15 16 17 18 19 21 23 24
[02:18:00] Explicit valence for atom # 11 Si, 6, is greater than permitted
[02:18:00] Can't kekulize mol.  Unkekulized atoms: 9 10 11
[02:18:00] Explicit valence for atom # 3 N, 4, is greater than permitted
[02:18:00] Explicit valence for atom # 5 N, 4, is greater than permitted
[02:18:00] Explicit valence for atom # 4 N, 4, is greater than permitted
[02:18:00] Explicit valence for atom # 1 N, 4, is greater than permitted
[02:18:00] Explicit valence for atom # 6 Si, 5, is greater than permitted
[02:18:00] Explicit valence for atom # 7 N, 4, is greater than permitted
[02:18:00] Explicit valence for atom # 3 N, 4, is greater than permitted
[02:18:00] Explicit valence for atom # 6 Si, 5, is greater than permitted
[02:18:00] Explicit valence for atom # 3 N, 4, is greater than permitted
[02:18:00] Explicit valence for atom # 4 N, 4, is greater than permitted
[02:18:00] Explicit valence for atom # 19 N, 4, is greater than permitted
[02:18:00] Explicit valence for atom # 2 N, 4, is greater than permitted
[02:18:00] Explicit valence for atom # 9 C, 5, is greater than permitted
[02:18:00] Explicit valence for atom # 7 N, 4, is greater than permitted
[02:18:00] Explicit valence for atom # 24 N, 4, is greater than permitted
[02:18:00] Explicit valence for atom # 4 N, 4, is greater than permitted
[02:18:01] Explicit valence for atom # 2 N, 4, is greater than permitted
[02:18:01] Explicit valence for atom # 1 N, 4, is greater than permitted
[02:18:01] Explicit valence for atom # 3 Si, 5, is greater than permitted
[02:18:01] Can't kekulize mol.  Unkekulized atoms: 8 9 10 11 12 13 14 15 16
[02:18:01] Can't kekulize mol.  Unkekulized atoms: 2 3 4 5 6 13 15 17 19 21 24 26 27 28 29 30 31 32 33
[02:18:01] Explicit valence for atom # 3 Si, 5, is greater than permitted
[02:18:01] Explicit valence for atom # 15 N, 4, is greater than permitted
[02:18:01] Explicit valence for atom # 8 Si, 5, is greater than permitted
[02:18:01] Explicit valence for atom # 3 N, 4, is greater than permitted
[02:18:01] Explicit valence for atom # 9 N, 4, is greater than permitted
[02:18:01] Explicit valence for atom # 3 Si, 6, is greater than permitted
[02:18:01] Explicit valence for atom # 3 Si, 6, is greater than permitted
[02:18:01] Can't kekulize mol.  Unkekulized atoms: 3 4 19
[02:18:01] Explicit valence for atom # 4 N, 4, is greater than permitted
[02:18:01] Explicit valence for atom # 4 Si, 6, is greater than permitted
[02:18:01] Explicit valence for atom # 9 Si, 5, is greater than permitted
[02:18:01] Explicit valence for atom # 10 N, 4, is greater than permitted
[02:18:01] Can't kekulize mol.  Unkekulized atoms: 3 4 5 6 11
[02:18:01] Explicit valence for atom # 3 Si, 6, is greater than permitted
[02:18:01] Explicit valence for atom # 3 Si, 6, is greater than permitted
[02:18:01] Explicit valence for atom # 4 Si, 5, is greater than permitted
[02:18:01] Explicit valence for atom # 12 N, 4, is greater than permitted
[02:18:01] Explicit valence for atom # 16 N, 4, is greater than permitted
[02:18:01] Explicit valence for atom # 11 C, 5, is greater than permitted
[02:18:01] Explicit valence for atom # 3 Si, 5, is greater than permitted
[02:18:01] Explicit valence for atom # 26 N, 4, is greater than permitted
[02:18:01] Explicit valence for atom # 11 Si, 5, is greater than permitted
[02:18:01] Can't kekulize mol.  Unkekulized atoms: 13 14 15
[02:18:01] Explicit valence for atom # 11 N, 4, is greater than permitted
[02:18:01] Can't kekulize mol.  Unkekulized atoms: 1 2 3 4 9
[02:18:01] Explicit valence for atom # 3 N, 4, is greater than permitted
[02:18:01] Explicit valence for atom # 5 Si, 5, is greater than permitted
[02:18:01] Explicit valence for atom # 10 N, 4, is greater than permitted
[02:18:01] Explicit valence for atom # 5 N, 4, is greater than permitted
[02:18:01] Can't kekulize mol.  Unkekulized atoms: 1 2 3 4 5 6 8 9 10 11 13 14 18 19 20 21 22 25 27 28 30 31 33
[02:18:06] UFFTYPER: Unrecognized atom type: S_5+4 (13)
[02:18:06] UFFTYPER: Unrecognized charge state for atom: 11
[02:18:07] UFFTYPER: Unrecognized atom type: S_5+4 (8)
[02:18:08] UFFTYPER: Unrecognized atom type: S_5+4 (15)
[02:18:08] UFFTYPER: Unrecognized atom type: S_5+4 (11)
[02:18:09] UFFTYPER: Unrecognized atom type: S_5+4 (8)
[02:18:15] UFFTYPER: Unrecognized atom type: S_5+4 (7)
[02:18:18] UFFTYPER: Unrecognized atom type: S_5+4 (7)
[02:18:19] UFFTYPER: Unrecognized atom type: S_5+4 (13)
[02:18:30] UFFTYPER: Unrecognized atom type: S_5+4 (3)
[02:18:32] UFFTYPER: Unrecognized atom type: S_5+4 (10)
[02:18:33] UFFTYPER: Unrecognized atom type: S_5+4 (13)
[02:18:33] UFFTYPER: Unrecognized atom type: S_5+4 (15)
[02:18:34] UFFTYPER: Unrecognized atom type: S_5+4 (21)
[02:18:40] UFFTYPER: Unrecognized atom type: S_5+4 (7)
[02:18:42] UFFTYPER: Unrecognized atom type: S_5+4 (13)
[02:18:43] UFFTYPER: Unrecognized atom type: S_5+4 (10)
[02:18:43] UFFTYPER: Unrecognized atom type: S_5+4 (20)
[02:18:44] UFFTYPER: Unrecognized charge state for atom: 11
[02:18:49] UFFTYPER: Unrecognized atom type: S_5+4 (7)
[02:18:49] UFFTYPER: Unrecognized atom type: S_5+4 (12)
[02:18:50] UFFTYPER: Unrecognized atom type: S_5+4 (17)
[02:19:21] UFFTYPER: Unrecognized atom type: S_5+4 (2)
[02:19:35] UFFTYPER: Unrecognized atom type: S_5+4 (7)
[02:19:46] UFFTYPER: Unrecognized charge state for atom: 4
[02:19:49] UFFTYPER: Unrecognized atom type: S_5+4 (1)
[02:19:50] UFFTYPER: Unrecognized atom type: S_5+4 (14)
[02:19:53] UFFTYPER: Unrecognized atom type: S_5+4 (1)
[02:19:53] UFFTYPER: Unrecognized atom type: S_5+4 (6)
[02:20:27] UFFTYPER: Unrecognized atom type: S_5+4 (11)
[02:20:31] UFFTYPER: Unrecognized charge state for atom: 8
[02:20:34] UFFTYPER: Unrecognized atom type: S_5+4 (1)
[02:20:34] UFFTYPER: Unrecognized atom type: S_5+4 (7)
[02:20:46] UFFTYPER: Unrecognized charge state for atom: 9
[02:20:46] UFFTYPER: Unrecognized charge state for atom: 11
[02:20:46] UFFTYPER: Unrecognized atom type: S_5+4 (7)
[02:20:46] UFFTYPER: Unrecognized charge state for atom: 3
[02:20:50] UFFTYPER: Unrecognized atom type: S_5+4 (1)
[02:20:59] UFFTYPER: Unrecognized atom type: S_5+4 (8)
[02:20:59] UFFTYPER: Unrecognized atom type: S_5+4 (21)
[02:21:35] UFFTYPER: Unrecognized atom type: S_5+4 (21)
[02:23:11] UFFTYPER: Unrecognized atom type: S_5+4 (12)
[02:23:25] UFFTYPER: Unrecognized atom type: S_5+4 (10)
[02:23:26] UFFTYPER: Unrecognized atom type: S_5+4 (7)
[02:23:26] UFFTYPER: Unrecognized atom type: S_5+4 (1)
[02:23:30] UFFTYPER: Unrecognized charge state for atom: 6
[02:23:35] UFFTYPER: Unrecognized atom type: S_5+4 (11)
[02:23:36] UFFTYPER: Unrecognized charge state for atom: 9
[02:23:36] UFFTYPER: Unrecognized charge state for atom: 2
[02:23:36] UFFTYPER: Unrecognized atom type: S_5+4 (11)
[02:23:39] UFFTYPER: Unrecognized atom type: S_5+4 (7)
Loaded 5239 OE62 GW rows

In-distribution candidates: 3756
Loading hybrid, predicting B3LYP (ETKDG + 2D/3D + fusion)...
ETKDG+predict valid: 3736/3756

========================================================================
  Δ = GW − model-B3LYP  (3736 molecules)
========================================================================
          Δ mean    Δ std        Δ p5..p95    std(GW)   std(Δ) compress
  homo    -2.198    0.345   -2.76.. -1.68      0.772    0.345     2.2x
  lumo    +1.018    0.387   +0.40.. +1.61      0.903    0.387     2.3x
  gap     +3.219    0.581   +2.31.. +4.12      1.265    0.581     2.2x

  Reading: 'compress' = std(absolute GW) / std(Δ). >1 means the residual
  is tighter than the absolute target → learning Δ is easier than GW.

Saved D:\文档\molgap\results\phase9\delta_oe62_v3.csv
Saved D:\文档\molgap\results\phase9\delta_oe62_v3_embeddings.npz
Saved D:\文档\molgap\results\phase9\delta_oe62_v3_summary.json
